<?xml version="1.0" encoding="UTF-8"?>
<!-- Generated by org.testng.reporters.JUnitXMLReporter -->
<testsuite hostname="dlusku20205871" name="Regression suite 1" tests="5" failures="0" timestamp="5 May 2016 10:49:23 GMT" time="72.859" errors="0">
  <testcase name="flightDetails" time="19.8" classname="sachin.codejam.SearchFlight"/>
  <testcase name="validationCheck1" time="2.374" classname="sachin.codejam.SearchFlight"/>
  <testcase name="validationCheck2" time="6.43" classname="sachin.codejam.SearchFlight"/>
  <testcase name="validationCheck3" time="3.032" classname="sachin.codejam.SearchFlight"/>
  <testcase name="validationCheck4" time="2.147" classname="sachin.codejam.SearchFlight"/>
</testsuite> <!-- Regression suite 1 -->
